<?xml version="1.0" encoding="UTF-8"?>
<testng-results skipped="0" failed="0" ignored="0" total="1" passed="1">
  <reporter-output>
  </reporter-output>
  <suite name="Default suite" duration-ms="4326" started-at="2021-10-17T18:21:27Z" finished-at="2021-10-17T18:21:31Z">
    <groups>
    </groups>
    <test name="Default test" duration-ms="4326" started-at="2021-10-17T18:21:27Z" finished-at="2021-10-17T18:21:31Z">
      <class name="org.pom.TestNg">
        <test-method status="PASS" signature="LaunchBrowser()[pri:0, instance:org.pom.TestNg@6d4b1c02]" name="LaunchBrowser" is-config="true" duration-ms="4248" started-at="2021-10-17T18:21:27Z" finished-at="2021-10-17T18:21:31Z">
          <reporter-output>
          </reporter-output>
        </test-method> <!-- LaunchBrowser -->
        <test-method status="PASS" signature="tc1()[pri:0, instance:org.pom.TestNg@6d4b1c02]" name="tc1" duration-ms="64" started-at="2021-10-17T18:21:31Z" finished-at="2021-10-17T18:21:31Z">
          <reporter-output>
          </reporter-output>
        </test-method> <!-- tc1 -->
      </class> <!-- org.pom.TestNg -->
    </test> <!-- Default test -->
  </suite> <!-- Default suite -->
</testng-results>
